<?xml version="1.0" encoding="UTF-8"?>
<testsuite xmlns:xsi="http://www.w3.org/2001/XMLSchema-instance" xsi:noNamespaceSchemaLocation="https://maven.apache.org/surefire/maven-surefire-plugin/xsd/surefire-test-report-3.0.xsd" version="3.0" name="com.aimconsulting.api_test.PositiveSkuTest" time="4.114" tests="4" errors="0" skipped="0" failures="0">
  <properties>
[...]
</properties>
  <testcase name="getSpecificSku" classname="com.aimconsulting.api_test.PositiveSkuTest" time="1.865"/>
  <testcase name="deleteSpecificSku" classname="com.aimconsulting.api_test.PositiveSkuTest" time="0.889"/>
  <testcase name="getAllSku" classname="com.aimconsulting.api_test.PositiveSkuTest" time="0.565"/>
  <testcase name="postNewSkuId" classname="com.aimconsulting.api_test.PositiveSkuTest" time="0.431"/>
</testsuite>